2012/08/26 01:12:52 [error] [php] Trying to get property of non-object (C:\wamp\www\erp_indonesia\protected\views\menu\index.php:21)
Stack trace:
#0 C:\wamp\www\framework\web\CController.php(870): MenuController->renderFile()
#1 C:\wamp\www\framework\web\CController.php(783): MenuController->renderPartial()
#2 C:\wamp\www\erp_indonesia\protected\controllers\MenuController.php(85): MenuController->render()
#3 C:\wamp\www\framework\web\actions\CInlineAction.php(50): MenuController->actionIndex()
#4 C:\wamp\www\framework\web\CController.php(309): CInlineAction->runWithParams()
#5 C:\wamp\www\framework\web\filters\CFilterChain.php(134): MenuController->runAction()
#6 C:\wamp\www\framework\web\filters\CFilter.php(41): CFilterChain->run()
#7 C:\wamp\www\framework\web\CController.php(1146): CAccessControlFilter->filter()
#8 C:\wamp\www\framework\web\filters\CInlineFilter.php(59): MenuController->filterAccessControl()
#9 C:\wamp\www\framework\web\filters\CFilterChain.php(131): CInlineFilter->filter()
#10 C:\wamp\www\framework\web\CController.php(292): CFilterChain->run()
#11 C:\wamp\www\framework\web\CController.php(266): MenuController->runActionWithFilters()
#12 C:\wamp\www\framework\web\CWebApplication.php(283): MenuController->run()
#13 C:\wamp\www\framework\web\CWebApplication.php(142): CWebApplication->runController()
#14 C:\wamp\www\framework\base\CApplication.php(162): CWebApplication->processRequest()
#15 C:\wamp\www\erp_indonesia\index.php(12): CWebApplication->run()
REQUEST_URI=/erp_indonesia/index.php/menu
2012/08/26 01:15:23 [error] [php] Use of undefined constant created_date - assumed 'created_date' (C:\wamp\www\erp_indonesia\protected\components\BaseModel.php:36)
Stack trace:
#0 C:\wamp\www\erp_indonesia\protected\modules\m2\models\uJournal.php(193): zArLog->save()
#1 C:\wamp\www\framework\db\ar\CActiveRecord.php(1163): uJournal->afterDelete()
#2 C:\wamp\www\erp_indonesia\protected\modules\m2\controllers\MCashbankController.php(297): uJournal->delete()
#3 unknown(0): MCashbankController->actionDelete()
#4 C:\wamp\www\framework\web\actions\CAction.php(107): ReflectionMethod->invokeArgs()
#5 C:\wamp\www\framework\web\actions\CInlineAction.php(48): CInlineAction->runWithParamsInternal()
#6 C:\wamp\www\framework\web\CController.php(309): CInlineAction->runWithParams()
#7 C:\wamp\www\framework\web\filters\CFilterChain.php(134): MCashbankController->runAction()
#8 C:\wamp\www\framework\web\filters\CFilter.php(41): CFilterChain->run()
#9 C:\wamp\www\framework\web\CController.php(1146): CAccessControlFilter->filter()
#10 C:\wamp\www\framework\web\filters\CInlineFilter.php(59): MCashbankController->filterAccessControl()
#11 C:\wamp\www\framework\web\filters\CFilterChain.php(131): CInlineFilter->filter()
#12 C:\wamp\www\framework\web\CController.php(292): CFilterChain->run()
#13 C:\wamp\www\framework\web\CController.php(266): MCashbankController->runActionWithFilters()
#14 C:\wamp\www\framework\web\CWebApplication.php(283): MCashbankController->run()
#15 C:\wamp\www\framework\web\CWebApplication.php(142): CWebApplication->runController()
#16 C:\wamp\www\framework\base\CApplication.php(162): CWebApplication->processRequest()
#17 C:\wamp\www\erp_indonesia\index.php(12): CWebApplication->run()
REQUEST_URI=/erp_indonesia/index.php/m2/mCashbank/delete/id/1600
2012/08/26 01:16:42 [warning] [application] Failed to set unsafe attribute "var_account" of "fJournal".
2012/08/26 01:16:42 [warning] [application] Failed to set unsafe attribute "remark" of "fJournal".
2012/08/26 01:19:59 [warning] [application] Failed to set unsafe attribute "var_account" of "fJournal".
2012/08/26 01:19:59 [warning] [application] Failed to set unsafe attribute "remark" of "fJournal".
2012/08/26 01:21:13 [warning] [application] Failed to set unsafe attribute "var_account" of "fJournal".
2012/08/26 01:21:13 [warning] [application] Failed to set unsafe attribute "remark" of "fJournal".
2012/08/26 01:21:13 [error] [php] Trying to get property of non-object (C:\wamp\www\erp_indonesia\protected\components\BaseModel.php:36)
Stack trace:
#0 C:\wamp\www\erp_indonesia\protected\modules\m2\controllers\MCashbankController.php(439): uJournal->save()
#1 C:\wamp\www\framework\web\actions\CInlineAction.php(50): MCashbankController->actionCreate()
#2 C:\wamp\www\framework\web\CController.php(309): CInlineAction->runWithParams()
#3 C:\wamp\www\framework\web\filters\CFilterChain.php(134): MCashbankController->runAction()
#4 C:\wamp\www\framework\web\filters\CFilter.php(41): CFilterChain->run()
#5 C:\wamp\www\framework\web\CController.php(1146): CAccessControlFilter->filter()
#6 C:\wamp\www\framework\web\filters\CInlineFilter.php(59): MCashbankController->filterAccessControl()
#7 C:\wamp\www\framework\web\filters\CFilterChain.php(131): CInlineFilter->filter()
#8 C:\wamp\www\framework\web\CController.php(292): CFilterChain->run()
#9 C:\wamp\www\framework\web\CController.php(266): MCashbankController->runActionWithFilters()
#10 C:\wamp\www\framework\web\CWebApplication.php(283): MCashbankController->run()
#11 C:\wamp\www\framework\web\CWebApplication.php(142): CWebApplication->runController()
#12 C:\wamp\www\framework\base\CApplication.php(162): CWebApplication->processRequest()
#13 C:\wamp\www\erp_indonesia\index.php(12): CWebApplication->run()
REQUEST_URI=/erp_indonesia/index.php/m2/mCashbank/create
2012/08/26 01:22:03 [error] [php] Object of class CMysqlColumnSchema could not be converted to string (C:\wamp\www\erp_indonesia\protected\views\menu\index.php:22)
Stack trace:
#0 C:\wamp\www\framework\web\CController.php(870): MenuController->renderFile()
#1 C:\wamp\www\framework\web\CController.php(783): MenuController->renderPartial()
#2 C:\wamp\www\erp_indonesia\protected\controllers\MenuController.php(85): MenuController->render()
#3 C:\wamp\www\framework\web\actions\CInlineAction.php(50): MenuController->actionIndex()
#4 C:\wamp\www\framework\web\CController.php(309): CInlineAction->runWithParams()
#5 C:\wamp\www\framework\web\filters\CFilterChain.php(134): MenuController->runAction()
#6 C:\wamp\www\framework\web\filters\CFilter.php(41): CFilterChain->run()
#7 C:\wamp\www\framework\web\CController.php(1146): CAccessControlFilter->filter()
#8 C:\wamp\www\framework\web\filters\CInlineFilter.php(59): MenuController->filterAccessControl()
#9 C:\wamp\www\framework\web\filters\CFilterChain.php(131): CInlineFilter->filter()
#10 C:\wamp\www\framework\web\CController.php(292): CFilterChain->run()
#11 C:\wamp\www\framework\web\CController.php(266): MenuController->runActionWithFilters()
#12 C:\wamp\www\framework\web\CWebApplication.php(283): MenuController->run()
#13 C:\wamp\www\framework\web\CWebApplication.php(142): CWebApplication->runController()
#14 C:\wamp\www\framework\base\CApplication.php(162): CWebApplication->processRequest()
#15 C:\wamp\www\erp_indonesia\index.php(12): CWebApplication->run()
REQUEST_URI=/erp_indonesia/index.php/menu
2012/08/26 01:41:42 [warning] [application] Failed to set unsafe attribute "var_account" of "fJournal".
2012/08/26 01:41:42 [warning] [application] Failed to set unsafe attribute "remark" of "fJournal".
2012/08/26 01:55:46 [error] [exception.CException] exception 'CException' with message 'ClientScriptPacker and its behaviors do not have a method or closure named "corePackages".' in C:\wamp\www\framework\base\CComponent.php:266
Stack trace:
#0 C:\wamp\www\erp_indonesia\protected\modules\m2\views\vPorderInventory\_form.php(4): CComponent->__call('corePackages', Array)
#1 C:\wamp\www\erp_indonesia\protected\modules\m2\views\vPorderInventory\_form.php(4): ClientScriptPacker->corePackages('jquery.ui')
#2 C:\wamp\www\framework\web\CBaseController.php(127): require('C:\wamp\www\erp...')
#3 C:\wamp\www\framework\web\CBaseController.php(96): CBaseController->renderInternal('C:\wamp\www\erp...', Array, true)
#4 C:\wamp\www\framework\web\CController.php(870): CBaseController->renderFile('C:\wamp\www\erp...', Array, true)
#5 C:\wamp\www\erp_indonesia\protected\modules\m2\views\vPorderInventory\create.php(25): CController->renderPartial('_form', Array)
#6 C:\wamp\www\framework\web\CBaseController.php(127): require('C:\wamp\www\erp...')
#7 C:\wamp\www\framework\web\CBaseController.php(96): CBaseController->renderInternal('C:\wamp\www\erp...', Array, true)
#8 C:\wamp\www\framework\web\CController.php(870): CBaseController->renderFile('C:\wamp\www\erp...', Array, true)
#9 C:\wamp\www\framework\web\CController.php(783): CController->renderPartial('create', Array, true)
#10 C:\wamp\www\erp_indonesia\protected\modules\m2\controllers\VPorderInventoryController.php(155): CController->render('create', Array)
#11 C:\wamp\www\framework\web\actions\CInlineAction.php(50): VPorderInventoryController->actionCreate()
#12 C:\wamp\www\framework\web\CController.php(309): CInlineAction->runWithParams(Array)
#13 C:\wamp\www\framework\web\filters\CFilterChain.php(134): CController->runAction(Object(CInlineAction))
#14 C:\wamp\www\framework\web\filters\CFilter.php(41): CFilterChain->run()
#15 C:\wamp\www\framework\web\CController.php(1146): CFilter->filter(Object(CFilterChain))
#16 C:\wamp\www\framework\web\filters\CInlineFilter.php(59): CController->filterAccessControl(Object(CFilterChain))
#17 C:\wamp\www\framework\web\filters\CFilterChain.php(131): CInlineFilter->filter(Object(CFilterChain))
#18 C:\wamp\www\framework\web\CController.php(292): CFilterChain->run()
#19 C:\wamp\www\framework\web\CController.php(266): CController->runActionWithFilters(Object(CInlineAction), Array)
#20 C:\wamp\www\framework\web\CWebApplication.php(283): CController->run('create')
#21 C:\wamp\www\framework\web\CWebApplication.php(142): CWebApplication->runController('m2/vPorderInven...')
#22 C:\wamp\www\framework\base\CApplication.php(162): CWebApplication->processRequest()
#23 C:\wamp\www\erp_indonesia\index.php(12): CApplication->run()
#24 {main}
REQUEST_URI=/erp_indonesia/index.php/m2/vPorderInventory/create
---
2012/08/26 01:56:23 [error] [exception.CException] exception 'CException' with message 'ClientScriptPacker and its behaviors do not have a method or closure named "coreScripts".' in C:\wamp\www\framework\base\CComponent.php:266
Stack trace:
#0 C:\wamp\www\erp_indonesia\protected\modules\m2\views\vPorderInventory\_form.php(4): CComponent->__call('coreScripts', Array)
#1 C:\wamp\www\erp_indonesia\protected\modules\m2\views\vPorderInventory\_form.php(4): ClientScriptPacker->coreScripts('jquery.ui')
#2 C:\wamp\www\framework\web\CBaseController.php(127): require('C:\wamp\www\erp...')
#3 C:\wamp\www\framework\web\CBaseController.php(96): CBaseController->renderInternal('C:\wamp\www\erp...', Array, true)
#4 C:\wamp\www\framework\web\CController.php(870): CBaseController->renderFile('C:\wamp\www\erp...', Array, true)
#5 C:\wamp\www\erp_indonesia\protected\modules\m2\views\vPorderInventory\create.php(25): CController->renderPartial('_form', Array)
#6 C:\wamp\www\framework\web\CBaseController.php(127): require('C:\wamp\www\erp...')
#7 C:\wamp\www\framework\web\CBaseController.php(96): CBaseController->renderInternal('C:\wamp\www\erp...', Array, true)
#8 C:\wamp\www\framework\web\CController.php(870): CBaseController->renderFile('C:\wamp\www\erp...', Array, true)
#9 C:\wamp\www\framework\web\CController.php(783): CController->renderPartial('create', Array, true)
#10 C:\wamp\www\erp_indonesia\protected\modules\m2\controllers\VPorderInventoryController.php(155): CController->render('create', Array)
#11 C:\wamp\www\framework\web\actions\CInlineAction.php(50): VPorderInventoryController->actionCreate()
#12 C:\wamp\www\framework\web\CController.php(309): CInlineAction->runWithParams(Array)
#13 C:\wamp\www\framework\web\filters\CFilterChain.php(134): CController->runAction(Object(CInlineAction))
#14 C:\wamp\www\framework\web\filters\CFilter.php(41): CFilterChain->run()
#15 C:\wamp\www\framework\web\CController.php(1146): CFilter->filter(Object(CFilterChain))
#16 C:\wamp\www\framework\web\filters\CInlineFilter.php(59): CController->filterAccessControl(Object(CFilterChain))
#17 C:\wamp\www\framework\web\filters\CFilterChain.php(131): CInlineFilter->filter(Object(CFilterChain))
#18 C:\wamp\www\framework\web\CController.php(292): CFilterChain->run()
#19 C:\wamp\www\framework\web\CController.php(266): CController->runActionWithFilters(Object(CInlineAction), Array)
#20 C:\wamp\www\framework\web\CWebApplication.php(283): CController->run('create')
#21 C:\wamp\www\framework\web\CWebApplication.php(142): CWebApplication->runController('m2/vPorderInven...')
#22 C:\wamp\www\framework\base\CApplication.php(162): CWebApplication->processRequest()
#23 C:\wamp\www\erp_indonesia\index.php(12): CApplication->run()
#24 {main}
REQUEST_URI=/erp_indonesia/index.php/m2/vPorderInventory/create
---
2012/08/26 17:42:35 [error] [php] include(gLeave.php) [<a href='function.include'>function.include</a>]: failed to open stream: No such file or directory (C:\wamp\www\framework\YiiBase.php:423)
Stack trace:
#0 C:\wamp\www\erp_indonesia\protected\views\layouts\_sbRightNotification.php(19): spl_autoload_call()
#1 C:\wamp\www\framework\web\CBaseController.php(127): require()
#2 C:\wamp\www\framework\web\CBaseController.php(96): MenuController->renderInternal()
#3 C:\wamp\www\framework\web\widgets\CContentDecorator.php(77): MenuController->renderFile()
#4 C:\wamp\www\framework\web\widgets\CContentDecorator.php(55): CContentDecorator->decorate()
#5 C:\wamp\www\framework\web\widgets\COutputProcessor.php(45): CContentDecorator->processOutput()
#6 C:\wamp\www\framework\web\CBaseController.php(207): CContentDecorator->run()
#7 C:\wamp\www\framework\web\CBaseController.php(301): MenuController->endWidget()
#8 C:\wamp\www\erp_indonesia\themes\artisteer_bootstrap\views\layouts\main.php(24): MenuController->endContent()
#9 C:\wamp\www\framework\web\CBaseController.php(127): require()
#10 C:\wamp\www\framework\web\CBaseController.php(96): MenuController->renderInternal()
#11 C:\wamp\www\framework\web\CController.php(785): MenuController->renderFile()
#12 C:\wamp\www\erp_indonesia\protected\controllers\MenuController.php(85): MenuController->render()
#13 C:\wamp\www\framework\web\actions\CInlineAction.php(50): MenuController->actionIndex()
#14 C:\wamp\www\framework\web\CController.php(309): CInlineAction->runWithParams()
#15 C:\wamp\www\framework\web\filters\CFilterChain.php(134): MenuController->runAction()
#16 C:\wamp\www\framework\web\filters\CFilter.php(41): CFilterChain->run()
#17 C:\wamp\www\framework\web\CController.php(1146): CAccessControlFilter->filter()
#18 C:\wamp\www\framework\web\filters\CInlineFilter.php(59): MenuController->filterAccessControl()
#19 C:\wamp\www\framework\web\filters\CFilterChain.php(131): CInlineFilter->filter()
#20 C:\wamp\www\framework\web\CController.php(292): CFilterChain->run()
#21 C:\wamp\www\framework\web\CController.php(266): MenuController->runActionWithFilters()
#22 C:\wamp\www\framework\web\CWebApplication.php(283): MenuController->run()
#23 C:\wamp\www\framework\web\CWebApplication.php(142): CWebApplication->runController()
#24 C:\wamp\www\framework\base\CApplication.php(162): CWebApplication->processRequest()
#25 C:\wamp\www\erp_indonesia\index.php(12): CWebApplication->run()
REQUEST_URI=/erp_indonesia/index.php/menu
2012/08/26 19:37:24 [error] [exception.CHttpException.404] exception 'CHttpException' in C:\wamp\www\erp_indonesia\protected\extensions\yiinfinite-scroll\YiinfiniteScroller.php:43
Stack trace:
#0 C:\wamp\www\framework\web\CBaseController.php(174): YiinfiniteScroller->run()
#1 C:\wamp\www\erp_indonesia\protected\modules\m2\views\tAccount\index.php(128): CBaseController->widget('ext.yiinfinite-...', Array)
#2 C:\wamp\www\framework\web\CBaseController.php(127): require('C:\wamp\www\erp...')
#3 C:\wamp\www\framework\web\CBaseController.php(96): CBaseController->renderInternal('C:\wamp\www\erp...', Array, true)
#4 C:\wamp\www\framework\web\CController.php(870): CBaseController->renderFile('C:\wamp\www\erp...', Array, true)
#5 C:\wamp\www\framework\web\CController.php(783): CController->renderPartial('index', Array, true)
#6 C:\wamp\www\erp_indonesia\protected\modules\m2\controllers\TAccountController.php(340): CController->render('index', Array)
#7 C:\wamp\www\framework\web\actions\CInlineAction.php(50): TAccountController->actionIndex()
#8 C:\wamp\www\framework\web\CController.php(309): CInlineAction->runWithParams(Array)
#9 C:\wamp\www\framework\web\filters\CFilterChain.php(134): CController->runAction(Object(CInlineAction))
#10 C:\wamp\www\framework\web\filters\CFilter.php(41): CFilterChain->run()
#11 C:\wamp\www\framework\web\CController.php(1146): CFilter->filter(Object(CFilterChain))
#12 C:\wamp\www\framework\web\filters\CInlineFilter.php(59): CController->filterAccessControl(Object(CFilterChain))
#13 C:\wamp\www\framework\web\filters\CFilterChain.php(131): CInlineFilter->filter(Object(CFilterChain))
#14 C:\wamp\www\framework\web\CController.php(292): CFilterChain->run()
#15 C:\wamp\www\framework\web\CController.php(266): CController->runActionWithFilters(Object(CInlineAction), Array)
#16 C:\wamp\www\framework\web\CWebApplication.php(283): CController->run('index')
#17 C:\wamp\www\framework\web\CWebApplication.php(142): CWebApplication->runController('m2/tAccount/ind...')
#18 C:\wamp\www\framework\base\CApplication.php(162): CWebApplication->processRequest()
#19 C:\wamp\www\erp_indonesia\index.php(12): CApplication->run()
#20 {main}
REQUEST_URI=/erp_indonesia/index.php/m2/tAccount/index/page/13
HTTP_REFERER=http://localhost/erp_indonesia/index.php/m2/tAccount
---
2012/08/27 00:49:38 [error] [php] include(C:\wamp\www\erp_indonesia\protected\extensions\phpmailer\JPhpMailer.php) [<a href='function.include'>function.include</a>]: failed to open stream: No such file or directory (C:\wamp\www\framework\YiiBase.php:397)
Stack trace:
#0 C:\wamp\www\erp_indonesia\protected\controllers\SAdminController.php(271): spl_autoload_call()
#1 C:\wamp\www\framework\web\actions\CInlineAction.php(50): SAdminController->actionHelp()
#2 C:\wamp\www\framework\web\CController.php(309): CInlineAction->runWithParams()
#3 C:\wamp\www\framework\web\filters\CFilterChain.php(134): SAdminController->runAction()
#4 C:\wamp\www\framework\web\filters\CFilter.php(41): CFilterChain->run()
#5 C:\wamp\www\framework\web\CController.php(1146): CAccessControlFilter->filter()
#6 C:\wamp\www\framework\web\filters\CInlineFilter.php(59): SAdminController->filterAccessControl()
#7 C:\wamp\www\framework\web\filters\CFilterChain.php(131): CInlineFilter->filter()
#8 C:\wamp\www\framework\web\CController.php(292): CFilterChain->run()
#9 C:\wamp\www\framework\web\CController.php(266): SAdminController->runActionWithFilters()
#10 C:\wamp\www\framework\web\CWebApplication.php(283): SAdminController->run()
#11 C:\wamp\www\framework\web\CWebApplication.php(142): CWebApplication->runController()
#12 C:\wamp\www\framework\base\CApplication.php(162): CWebApplication->processRequest()
#13 C:\wamp\www\erp_indonesia\index.php(12): CWebApplication->run()
REQUEST_URI=/erp_indonesia/index.php/sAdmin/help
2012/08/27 00:49:41 [error] [php] include(C:\wamp\www\erp_indonesia\protected\extensions\phpmailer\JPhpMailer.php) [<a href='function.include'>function.include</a>]: failed to open stream: No such file or directory (C:\wamp\www\framework\YiiBase.php:397)
Stack trace:
#0 C:\wamp\www\erp_indonesia\protected\controllers\SAdminController.php(271): spl_autoload_call()
#1 C:\wamp\www\framework\web\actions\CInlineAction.php(50): SAdminController->actionHelp()
#2 C:\wamp\www\framework\web\CController.php(309): CInlineAction->runWithParams()
#3 C:\wamp\www\framework\web\filters\CFilterChain.php(134): SAdminController->runAction()
#4 C:\wamp\www\framework\web\filters\CFilter.php(41): CFilterChain->run()
#5 C:\wamp\www\framework\web\CController.php(1146): CAccessControlFilter->filter()
#6 C:\wamp\www\framework\web\filters\CInlineFilter.php(59): SAdminController->filterAccessControl()
#7 C:\wamp\www\framework\web\filters\CFilterChain.php(131): CInlineFilter->filter()
#8 C:\wamp\www\framework\web\CController.php(292): CFilterChain->run()
#9 C:\wamp\www\framework\web\CController.php(266): SAdminController->runActionWithFilters()
#10 C:\wamp\www\framework\web\CWebApplication.php(283): SAdminController->run()
#11 C:\wamp\www\framework\web\CWebApplication.php(142): CWebApplication->runController()
#12 C:\wamp\www\framework\base\CApplication.php(162): CWebApplication->processRequest()
#13 C:\wamp\www\erp_indonesia\index.php(12): CWebApplication->run()
REQUEST_URI=/erp_indonesia/index.php/sAdmin/help
2012/08/27 10:44:05 [error] [php] include(C:\wamp\www\erp_indonesia\protected\extensions\yii-database-dumper\SDatabaseDumper.php) [<a href='function.include'>function.include</a>]: failed to open stream: No such file or directory (C:\wamp\www\framework\YiiBase.php:397)
Stack trace:
#0 C:\wamp\www\erp_indonesia\protected\controllers\SParameterController.php(122): spl_autoload_call()
#1 C:\wamp\www\framework\web\actions\CInlineAction.php(50): SParameterController->actionBackup()
#2 C:\wamp\www\framework\web\CController.php(309): CInlineAction->runWithParams()
#3 C:\wamp\www\framework\web\filters\CFilterChain.php(134): SParameterController->runAction()
#4 C:\wamp\www\framework\web\filters\CFilter.php(41): CFilterChain->run()
#5 C:\wamp\www\framework\web\CController.php(1146): CAccessControlFilter->filter()
#6 C:\wamp\www\framework\web\filters\CInlineFilter.php(59): SParameterController->filterAccessControl()
#7 C:\wamp\www\framework\web\filters\CFilterChain.php(131): CInlineFilter->filter()
#8 C:\wamp\www\framework\web\CController.php(292): CFilterChain->run()
#9 C:\wamp\www\framework\web\CController.php(266): SParameterController->runActionWithFilters()
#10 C:\wamp\www\framework\web\CWebApplication.php(283): SParameterController->run()
#11 C:\wamp\www\framework\web\CWebApplication.php(142): CWebApplication->runController()
#12 C:\wamp\www\framework\base\CApplication.php(162): CWebApplication->processRequest()
#13 C:\wamp\www\erp_indonesia\index.php(12): CWebApplication->run()
REQUEST_URI=/erp_indonesia/index.php/sParameter/backup
2012/08/27 11:05:49 [error] [exception.CHttpException.404] exception 'CHttpException' with message 'The system is unable to find the requested action "backup".' in C:\wamp\www\framework\web\CController.php:484
Stack trace:
#0 C:\wamp\www\framework\web\CController.php(271): CController->missingAction('backup')
#1 C:\wamp\www\framework\web\CWebApplication.php(283): CController->run('backup')
#2 C:\wamp\www\framework\web\CWebApplication.php(142): CWebApplication->runController('sParameter/back...')
#3 C:\wamp\www\framework\base\CApplication.php(162): CWebApplication->processRequest()
#4 C:\wamp\www\erp_indonesia\index.php(12): CApplication->run()
#5 {main}
REQUEST_URI=/erp_indonesia/index.php/sParameter/backup
---
2012/08/28 09:48:33 [error] [php] PDO::__construct() [<a href='pdo.--construct'>pdo.--construct</a>]: php_network_getaddresses: gethostbyname failed. errno=2 (C:\wamp\www\framework\db\CDbConnection.php:422)
Stack trace:
#0 C:\wamp\www\framework\db\CDbConnection.php(331): CDbConnection->open()
#1 C:\wamp\www\framework\db\CDbConnection.php(309): CDbConnection->setActive()
#2 C:\wamp\www\framework\base\CModule.php(388): CDbConnection->init()
#3 C:\wamp\www\framework\base\CApplication.php(431): CWebApplication->getComponent()
#4 C:\wamp\www\framework\db\ar\CActiveRecord.php(624): CWebApplication->getDb()
#5 C:\wamp\www\framework\db\ar\CActiveRecord.php(2311): sNotification->getDbConnection()
#6 C:\wamp\www\framework\db\ar\CActiveRecord.php(388): CActiveRecordMetaData->__construct()
#7 C:\wamp\www\framework\db\ar\CActiveRecord.php(403): model()
#8 C:\wamp\www\framework\db\ar\CActiveRecord.php(78): sNotification->getMetaData()
#9 C:\wamp\www\erp_indonesia\protected\controllers\MenuController.php(95): sNotification->__construct()
#10 C:\wamp\www\erp_indonesia\protected\controllers\MenuController.php(68): MenuController->newNotification()
#11 C:\wamp\www\framework\web\actions\CInlineAction.php(50): MenuController->actionIndex()
#12 C:\wamp\www\framework\web\CController.php(309): CInlineAction->runWithParams()
#13 C:\wamp\www\framework\web\filters\CFilterChain.php(134): MenuController->runAction()
#14 C:\wamp\www\framework\web\filters\CFilter.php(41): CFilterChain->run()
#15 C:\wamp\www\framework\web\CController.php(1146): CAccessControlFilter->filter()
#16 C:\wamp\www\framework\web\filters\CInlineFilter.php(59): MenuController->filterAccessControl()
#17 C:\wamp\www\framework\web\filters\CFilterChain.php(131): CInlineFilter->filter()
#18 C:\wamp\www\framework\web\CController.php(292): CFilterChain->run()
#19 C:\wamp\www\framework\web\CController.php(266): MenuController->runActionWithFilters()
#20 C:\wamp\www\framework\web\CWebApplication.php(283): MenuController->run()
#21 C:\wamp\www\framework\web\CWebApplication.php(142): CWebApplication->runController()
#22 C:\wamp\www\framework\base\CApplication.php(162): CWebApplication->processRequest()
#23 C:\wamp\www\erp_indonesia\index.php(12): CWebApplication->run()
REQUEST_URI=/erp_indonesia/index.php/menu
2012/08/28 09:50:07 [error] [php] include(numerical,  default_group, status_id, created_date.php) [<a href='function.include'>function.include</a>]: failed to open stream: No such file or directory (C:\wamp\www\framework\YiiBase.php:423)
Stack trace:
#0 C:\wamp\www\framework\validators\CValidator.php(187): import()
#1 C:\wamp\www\framework\base\CModel.php(285): createValidator()
#2 C:\wamp\www\framework\base\CModel.php(259): sUser->createValidators()
#3 C:\wamp\www\framework\base\CModel.php(302): sUser->getValidators()
#4 C:\wamp\www\framework\web\helpers\CHtml.php(1197): sUser->isAttributeRequired()
#5 C:\wamp\www\framework\web\widgets\CActiveForm.php(563): activeLabelEx()
#6 C:\wamp\www\erp_indonesia\protected\extensions\bootstrap\widgets\input\BootInput.php(245): BootActiveForm->labelEx()
#7 C:\wamp\www\erp_indonesia\protected\extensions\bootstrap\widgets\input\BootInputHorizontal.php(39): BootInputHorizontal->getLabel()
#8 C:\wamp\www\erp_indonesia\protected\extensions\bootstrap\widgets\input\BootInputHorizontal.php(178): BootInputHorizontal->getLabel()
#9 C:\wamp\www\erp_indonesia\protected\extensions\bootstrap\widgets\input\BootInput.php(222): BootInputHorizontal->textField()
#10 C:\wamp\www\erp_indonesia\protected\extensions\bootstrap\widgets\input\BootInputHorizontal.php(24): BootInputHorizontal->run()
#11 C:\wamp\www\framework\web\CBaseController.php(174): BootInputHorizontal->run()
#12 C:\wamp\www\erp_indonesia\protected\extensions\bootstrap\widgets\BootActiveForm.php(497): SUserController->widget()
#13 C:\wamp\www\erp_indonesia\protected\extensions\bootstrap\widgets\BootActiveForm.php(186): BootActiveForm->inputRow()
#14 C:\wamp\www\erp_indonesia\protected\views\sUser\_form.php(11): BootActiveForm->textFieldRow()
#15 C:\wamp\www\framework\web\CBaseController.php(127): require()
#16 C:\wamp\www\framework\web\CBaseController.php(96): SUserController->renderInternal()
#17 C:\wamp\www\framework\web\CController.php(870): SUserController->renderFile()
#18 C:\wamp\www\erp_indonesia\protected\views\sUser\index.php(77): SUserController->renderPartial()
#19 C:\wamp\www\framework\web\CBaseController.php(127): require()
#20 C:\wamp\www\framework\web\CBaseController.php(96): SUserController->renderInternal()
#21 C:\wamp\www\framework\web\CController.php(870): SUserController->renderFile()
#22 C:\wamp\www\framework\web\CController.php(783): SUserController->renderPartial()
#23 C:\wamp\www\erp_indonesia\protected\controllers\SUserController.php(172): SUserController->render()
#24 C:\wamp\www\framework\web\actions\CInlineAction.php(50): SUserController->actionIndex()
#25 C:\wamp\www\framework\web\CController.php(309): CInlineAction->runWithParams()
#26 C:\wamp\www\framework\web\filters\CFilterChain.php(134): SUserController->runAction()
#27 C:\wamp\www\framework\web\filters\CFilter.php(41): CFilterChain->run()
#28 C:\wamp\www\framework\web\CController.php(1146): CAccessControlFilter->filter()
#29 C:\wamp\www\framework\web\filters\CInlineFilter.php(59): SUserController->filterAccessControl()
#30 C:\wamp\www\framework\web\filters\CFilterChain.php(131): CInlineFilter->filter()
#31 C:\wamp\www\framework\web\CController.php(292): CFilterChain->run()
#32 C:\wamp\www\framework\web\CController.php(266): SUserController->runActionWithFilters()
#33 C:\wamp\www\framework\web\CWebApplication.php(283): SUserController->run()
#34 C:\wamp\www\framework\web\CWebApplication.php(142): CWebApplication->runController()
#35 C:\wamp\www\framework\base\CApplication.php(162): CWebApplication->processRequest()
#36 C:\wamp\www\erp_indonesia\index.php(12): CWebApplication->run()
REQUEST_URI=/erp_indonesia/index.php/sUser
2012/08/28 09:57:07 [error] [exception.CException] exception 'CException' with message 'Property "CNumberValidator.0" is not defined.' in C:\wamp\www\framework\base\CComponent.php:174
Stack trace:
#0 C:\wamp\www\framework\validators\CValidator.php(190): CComponent->__set('0', 'default_group, ...')
#1 C:\wamp\www\framework\base\CModel.php(285): CValidator::createValidator('numerical', Object(sUser), 'status_id', Array)
#2 C:\wamp\www\framework\base\CModel.php(259): CModel->createValidators()
#3 C:\wamp\www\framework\base\CModel.php(302): CModel->getValidators('username')
#4 C:\wamp\www\framework\web\helpers\CHtml.php(1197): CModel->isAttributeRequired('username')
#5 C:\wamp\www\framework\web\widgets\CActiveForm.php(563): CHtml::activeLabelEx(Object(sUser), 'username', Array)
#6 C:\wamp\www\erp_indonesia\protected\extensions\bootstrap\widgets\input\BootInput.php(245): CActiveForm->labelEx(Object(sUser), 'username', Array)
#7 C:\wamp\www\erp_indonesia\protected\extensions\bootstrap\widgets\input\BootInputHorizontal.php(39): BootInput->getLabel()
#8 C:\wamp\www\erp_indonesia\protected\extensions\bootstrap\widgets\input\BootInputHorizontal.php(178): BootInputHorizontal->getLabel()
#9 C:\wamp\www\erp_indonesia\protected\extensions\bootstrap\widgets\input\BootInput.php(222): BootInputHorizontal->textField()
#10 C:\wamp\www\erp_indonesia\protected\extensions\bootstrap\widgets\input\BootInputHorizontal.php(24): BootInput->run()
#11 C:\wamp\www\framework\web\CBaseController.php(174): BootInputHorizontal->run()
#12 C:\wamp\www\erp_indonesia\protected\extensions\bootstrap\widgets\BootActiveForm.php(497): CBaseController->widget('bootstrap.widge...', Array)
#13 C:\wamp\www\erp_indonesia\protected\extensions\bootstrap\widgets\BootActiveForm.php(186): BootActiveForm->inputRow('textfield', Object(sUser), 'username', NULL, Array)
#14 C:\wamp\www\erp_indonesia\protected\views\sUser\_form.php(11): BootActiveForm->textFieldRow(Object(sUser), 'username', Array)
#15 C:\wamp\www\framework\web\CBaseController.php(127): require('C:\wamp\www\erp...')
#16 C:\wamp\www\framework\web\CBaseController.php(96): CBaseController->renderInternal('C:\wamp\www\erp...', Array, true)
#17 C:\wamp\www\framework\web\CController.php(870): CBaseController->renderFile('C:\wamp\www\erp...', Array, true)
#18 C:\wamp\www\erp_indonesia\protected\views\sUser\index.php(77): CController->renderPartial('_form', Array)
#19 C:\wamp\www\framework\web\CBaseController.php(127): require('C:\wamp\www\erp...')
#20 C:\wamp\www\framework\web\CBaseController.php(96): CBaseController->renderInternal('C:\wamp\www\erp...', Array, true)
#21 C:\wamp\www\framework\web\CController.php(870): CBaseController->renderFile('C:\wamp\www\erp...', Array, true)
#22 C:\wamp\www\framework\web\CController.php(783): CController->renderPartial('index', Array, true)
#23 C:\wamp\www\erp_indonesia\protected\controllers\SUserController.php(172): CController->render('index', Array)
#24 C:\wamp\www\framework\web\actions\CInlineAction.php(50): SUserController->actionIndex()
#25 C:\wamp\www\framework\web\CController.php(309): CInlineAction->runWithParams(Array)
#26 C:\wamp\www\framework\web\filters\CFilterChain.php(134): CController->runAction(Object(CInlineAction))
#27 C:\wamp\www\framework\web\filters\CFilter.php(41): CFilterChain->run()
#28 C:\wamp\www\framework\web\CController.php(1146): CFilter->filter(Object(CFilterChain))
#29 C:\wamp\www\framework\web\filters\CInlineFilter.php(59): CController->filterAccessControl(Object(CFilterChain))
#30 C:\wamp\www\framework\web\filters\CFilterChain.php(131): CInlineFilter->filter(Object(CFilterChain))
#31 C:\wamp\www\framework\web\CController.php(292): CFilterChain->run()
#32 C:\wamp\www\framework\web\CController.php(266): CController->runActionWithFilters(Object(CInlineAction), Array)
#33 C:\wamp\www\framework\web\CWebApplication.php(283): CController->run('')
#34 C:\wamp\www\framework\web\CWebApplication.php(142): CWebApplication->runController('sUser')
#35 C:\wamp\www\framework\base\CApplication.php(162): CWebApplication->processRequest()
#36 C:\wamp\www\erp_indonesia\index.php(12): CApplication->run()
#37 {main}
REQUEST_URI=/erp_indonesia/index.php/sUser
---
2012/08/28 10:00:24 [error] [php] include(default_group, status_id, created_date.php) [<a href='function.include'>function.include</a>]: failed to open stream: No such file or directory (C:\wamp\www\framework\YiiBase.php:423)
Stack trace:
#0 C:\wamp\www\framework\validators\CValidator.php(187): import()
#1 C:\wamp\www\framework\base\CModel.php(285): createValidator()
#2 C:\wamp\www\framework\base\CModel.php(259): sUser->createValidators()
#3 C:\wamp\www\framework\base\CModel.php(302): sUser->getValidators()
#4 C:\wamp\www\framework\web\helpers\CHtml.php(1197): sUser->isAttributeRequired()
#5 C:\wamp\www\framework\web\widgets\CActiveForm.php(563): activeLabelEx()
#6 C:\wamp\www\erp_indonesia\protected\extensions\bootstrap\widgets\input\BootInput.php(245): BootActiveForm->labelEx()
#7 C:\wamp\www\erp_indonesia\protected\extensions\bootstrap\widgets\input\BootInputHorizontal.php(39): BootInputHorizontal->getLabel()
#8 C:\wamp\www\erp_indonesia\protected\extensions\bootstrap\widgets\input\BootInputHorizontal.php(178): BootInputHorizontal->getLabel()
#9 C:\wamp\www\erp_indonesia\protected\extensions\bootstrap\widgets\input\BootInput.php(222): BootInputHorizontal->textField()
#10 C:\wamp\www\erp_indonesia\protected\extensions\bootstrap\widgets\input\BootInputHorizontal.php(24): BootInputHorizontal->run()
#11 C:\wamp\www\framework\web\CBaseController.php(174): BootInputHorizontal->run()
#12 C:\wamp\www\erp_indonesia\protected\extensions\bootstrap\widgets\BootActiveForm.php(497): SUserController->widget()
#13 C:\wamp\www\erp_indonesia\protected\extensions\bootstrap\widgets\BootActiveForm.php(186): BootActiveForm->inputRow()
#14 C:\wamp\www\erp_indonesia\protected\views\sUser\_form.php(11): BootActiveForm->textFieldRow()
#15 C:\wamp\www\framework\web\CBaseController.php(127): require()
#16 C:\wamp\www\framework\web\CBaseController.php(96): SUserController->renderInternal()
#17 C:\wamp\www\framework\web\CController.php(870): SUserController->renderFile()
#18 C:\wamp\www\erp_indonesia\protected\views\sUser\index.php(77): SUserController->renderPartial()
#19 C:\wamp\www\framework\web\CBaseController.php(127): require()
#20 C:\wamp\www\framework\web\CBaseController.php(96): SUserController->renderInternal()
#21 C:\wamp\www\framework\web\CController.php(870): SUserController->renderFile()
#22 C:\wamp\www\framework\web\CController.php(783): SUserController->renderPartial()
#23 C:\wamp\www\erp_indonesia\protected\controllers\SUserController.php(172): SUserController->render()
#24 C:\wamp\www\framework\web\actions\CInlineAction.php(50): SUserController->actionIndex()
#25 C:\wamp\www\framework\web\CController.php(309): CInlineAction->runWithParams()
#26 C:\wamp\www\framework\web\filters\CFilterChain.php(134): SUserController->runAction()
#27 C:\wamp\www\framework\web\filters\CFilter.php(41): CFilterChain->run()
#28 C:\wamp\www\framework\web\CController.php(1146): CAccessControlFilter->filter()
#29 C:\wamp\www\framework\web\filters\CInlineFilter.php(59): SUserController->filterAccessControl()
#30 C:\wamp\www\framework\web\filters\CFilterChain.php(131): CInlineFilter->filter()
#31 C:\wamp\www\framework\web\CController.php(292): CFilterChain->run()
#32 C:\wamp\www\framework\web\CController.php(266): SUserController->runActionWithFilters()
#33 C:\wamp\www\framework\web\CWebApplication.php(283): SUserController->run()
#34 C:\wamp\www\framework\web\CWebApplication.php(142): CWebApplication->runController()
#35 C:\wamp\www\framework\base\CApplication.php(162): CWebApplication->processRequest()
#36 C:\wamp\www\erp_indonesia\index.php(12): CWebApplication->run()
REQUEST_URI=/erp_indonesia/index.php/sUser
2012/08/28 10:31:42 [error] [exception.CHttpException.404] exception 'CHttpException' with message 'The system is unable to find the requested action "backup".' in C:\wamp\www\framework\web\CController.php:484
Stack trace:
#0 C:\wamp\www\framework\web\CController.php(271): CController->missingAction('backup')
#1 C:\wamp\www\framework\web\CWebApplication.php(283): CController->run('backup')
#2 C:\wamp\www\framework\web\CWebApplication.php(142): CWebApplication->runController('sParameter/back...')
#3 C:\wamp\www\framework\base\CApplication.php(162): CWebApplication->processRequest()
#4 C:\wamp\www\erp_indonesia\index.php(12): CApplication->run()
#5 {main}
REQUEST_URI=/erp_indonesia/index.php/sParameter/backup
HTTP_REFERER=http://localhost/erp_indonesia/index.php/sParameter/index
---
2012/08/28 16:27:51 [error] [php] Undefined variable: _endBalance (C:\wamp\www\erp_indonesia\protected\modules\m1\reports\aBudgetPosition2.php:100)
Stack trace:
#0 C:\wamp\www\framework\web\actions\CAction.php(107): ReflectionMethod->invokeArgs()
#1 C:\wamp\www\framework\web\actions\CInlineAction.php(48): CInlineAction->runWithParamsInternal()
#2 C:\wamp\www\framework\web\CController.php(309): CInlineAction->runWithParams()
#3 C:\wamp\www\framework\web\filters\CFilterChain.php(134): aBudgetController->runAction()
#4 C:\wamp\www\framework\web\filters\CFilter.php(41): CFilterChain->run()
#5 C:\wamp\www\framework\web\CController.php(1146): CAccessControlFilter->filter()
#6 C:\wamp\www\framework\web\filters\CInlineFilter.php(59): aBudgetController->filterAccessControl()
#7 C:\wamp\www\framework\web\filters\CFilterChain.php(131): CInlineFilter->filter()
#8 C:\wamp\www\framework\web\CController.php(292): CFilterChain->run()
#9 C:\wamp\www\framework\web\CController.php(266): aBudgetController->runActionWithFilters()
#10 C:\wamp\www\framework\web\CWebApplication.php(283): aBudgetController->run()
#11 C:\wamp\www\framework\web\CWebApplication.php(142): CWebApplication->runController()
#12 C:\wamp\www\framework\base\CApplication.php(162): CWebApplication->processRequest()
#13 C:\wamp\www\erp_indonesia\index.php(12): CWebApplication->run()
REQUEST_URI=/erp_indonesia/index.php/m1/aBudget/report2/id/300/pro_id/1
2012/08/28 16:28:38 [error] [php] Trying to get property of non-object (C:\wamp\www\erp_indonesia\protected\modules\m1\reports\aBudgetPosition2.php:89)
Stack trace:
#0 C:\wamp\www\framework\web\actions\CAction.php(107): ReflectionMethod->invokeArgs()
#1 C:\wamp\www\framework\web\actions\CInlineAction.php(48): CInlineAction->runWithParamsInternal()
#2 C:\wamp\www\framework\web\CController.php(309): CInlineAction->runWithParams()
#3 C:\wamp\www\framework\web\filters\CFilterChain.php(134): aBudgetController->runAction()
#4 C:\wamp\www\framework\web\filters\CFilter.php(41): CFilterChain->run()
#5 C:\wamp\www\framework\web\CController.php(1146): CAccessControlFilter->filter()
#6 C:\wamp\www\framework\web\filters\CInlineFilter.php(59): aBudgetController->filterAccessControl()
#7 C:\wamp\www\framework\web\filters\CFilterChain.php(131): CInlineFilter->filter()
#8 C:\wamp\www\framework\web\CController.php(292): CFilterChain->run()
#9 C:\wamp\www\framework\web\CController.php(266): aBudgetController->runActionWithFilters()
#10 C:\wamp\www\framework\web\CWebApplication.php(283): aBudgetController->run()
#11 C:\wamp\www\framework\web\CWebApplication.php(142): CWebApplication->runController()
#12 C:\wamp\www\framework\base\CApplication.php(162): CWebApplication->processRequest()
#13 C:\wamp\www\erp_indonesia\index.php(12): CWebApplication->run()
REQUEST_URI=/erp_indonesia/index.php/m1/aBudget/report2/id/300/pro_id/1
